<?xml version="1.0" encoding="UTF-8"?>
<testsuite xmlns:xsi="http://www.w3.org/2001/XMLSchema-instance" xsi:noNamespaceSchemaLocation="https://maven.apache.org/surefire/maven-surefire-plugin/xsd/surefire-test-report.xsd" name="com.example.sbchainssioicdoauth2.TestEthService" time="14.94" tests="4" errors="0" skipped="0" failures="0">
  <properties>
[...]
</properties>
  <testcase name="testAddCase" classname="com.example.sbchainssioicdoauth2.TestEthService" time="3.38"/>
  <testcase name="testGetAllCases" classname="com.example.sbchainssioicdoauth2.TestEthService" time="8.271"/>
  <testcase name="testUpdateCase" classname="com.example.sbchainssioicdoauth2.TestEthService" time="2.047"/>
  <testcase name="testGetCase" classname="com.example.sbchainssioicdoauth2.TestEthService" time="1.157"/>
</testsuite>